Drill report for WeatherStation.kicad_pcb
Created on 2024-05-31T14:04:38+0700

Copper Layer Stackup:
    =============================================================
    L1 :  F.Cu                      front
    L2 :  In1.Cu                    in1
    L3 :  In2.Cu                    in2
    L4 :  B.Cu                      back


Drill file 'WeatherStation-PTH.drl' contains
    plated through holes:
    =============================================================
    T1  0.300mm  0.0118"  (426 holes)
    T2  0.600mm  0.0236"  (10 holes)
    T3  0.700mm  0.0276"  (24 holes)
    T4  0.900mm  0.0354"  (4 holes)
    T5  1.000mm  0.0394"  (8 holes)

    Total plated holes count 472


Drill file 'WeatherStation-NPTH.drl' contains
    unplated through holes:
    =============================================================
    T1  0.711mm  0.0280"  (1 hole)
    T2  0.889mm  0.0350"  (1 hole)

    Total unplated holes count 2
